[2026-01-06T10:12:22.496+0000] {processor.py:161} INFO - Started process (PID=171) to work on /opt/airflow/dags/co2_databricks_etl_dag.py
[2026-01-06T10:12:22.498+0000] {processor.py:830} INFO - Processing file /opt/airflow/dags/co2_databricks_etl_dag.py for tasks to queue
[2026-01-06T10:12:22.502+0000] {logging_mixin.py:188} INFO - [2026-01-06T10:12:22.500+0000] {dagbag.py:538} INFO - Filling up the DagBag from /opt/airflow/dags/co2_databricks_etl_dag.py
[2026-01-06T10:12:22.549+0000] {logging_mixin.py:188} INFO - [2026-01-06T10:12:22.548+0000] {co2_databricks_etl_dag.py:34} INFO - Starting CO₂ Emissions ETL DAG
[2026-01-06T10:12:22.555+0000] {processor.py:840} INFO - DAG(s) 'co2_emissions_databricks_etl' retrieved from /opt/airflow/dags/co2_databricks_etl_dag.py
[2026-01-06T10:12:22.820+0000] {logging_mixin.py:188} INFO - [2026-01-06T10:12:22.820+0000] {override.py:1769} INFO - Created Permission View: can edit on DAG:co2_emissions_databricks_etl
[2026-01-06T10:12:22.839+0000] {logging_mixin.py:188} INFO - [2026-01-06T10:12:22.839+0000] {override.py:1769} INFO - Created Permission View: can read on DAG:co2_emissions_databricks_etl
[2026-01-06T10:12:22.854+0000] {logging_mixin.py:188} INFO - [2026-01-06T10:12:22.854+0000] {override.py:1769} INFO - Created Permission View: can delete on DAG:co2_emissions_databricks_etl
[2026-01-06T10:12:22.855+0000] {logging_mixin.py:188} INFO - [2026-01-06T10:12:22.855+0000] {dag.py:3036} INFO - Sync 1 DAGs
[2026-01-06T10:12:22.872+0000] {logging_mixin.py:188} INFO - [2026-01-06T10:12:22.871+0000] {dag.py:3058} INFO - Creating ORM DAG for co2_emissions_databricks_etl
[2026-01-06T10:12:22.894+0000] {logging_mixin.py:188} INFO - [2026-01-06T10:12:22.893+0000] {dag.py:3823} INFO - Setting next_dagrun for co2_emissions_databricks_etl to 2026-01-05 00:00:00+00:00, run_after=2026-01-06 00:00:00+00:00
[2026-01-06T10:12:22.940+0000] {processor.py:183} INFO - Processing /opt/airflow/dags/co2_databricks_etl_dag.py took 0.449 seconds
[2026-01-06T10:12:53.198+0000] {processor.py:161} INFO - Started process (PID=176) to work on /opt/airflow/dags/co2_databricks_etl_dag.py
[2026-01-06T10:12:53.199+0000] {processor.py:830} INFO - Processing file /opt/airflow/dags/co2_databricks_etl_dag.py for tasks to queue
[2026-01-06T10:12:53.200+0000] {logging_mixin.py:188} INFO - [2026-01-06T10:12:53.200+0000] {dagbag.py:538} INFO - Filling up the DagBag from /opt/airflow/dags/co2_databricks_etl_dag.py
[2026-01-06T10:12:53.219+0000] {logging_mixin.py:188} INFO - [2026-01-06T10:12:53.219+0000] {co2_databricks_etl_dag.py:34} INFO - Starting CO₂ Emissions ETL DAG
[2026-01-06T10:12:53.222+0000] {processor.py:840} INFO - DAG(s) 'co2_emissions_databricks_etl' retrieved from /opt/airflow/dags/co2_databricks_etl_dag.py
[2026-01-06T10:12:53.248+0000] {logging_mixin.py:188} INFO - [2026-01-06T10:12:53.248+0000] {dag.py:3036} INFO - Sync 1 DAGs
[2026-01-06T10:12:53.267+0000] {logging_mixin.py:188} INFO - [2026-01-06T10:12:53.267+0000] {dag.py:3823} INFO - Setting next_dagrun for co2_emissions_databricks_etl to 2026-01-05 00:00:00+00:00, run_after=2026-01-06 00:00:00+00:00
[2026-01-06T10:12:53.286+0000] {processor.py:183} INFO - Processing /opt/airflow/dags/co2_databricks_etl_dag.py took 0.091 seconds
[2026-01-06T10:13:23.439+0000] {processor.py:161} INFO - Started process (PID=181) to work on /opt/airflow/dags/co2_databricks_etl_dag.py
[2026-01-06T10:13:23.440+0000] {processor.py:830} INFO - Processing file /opt/airflow/dags/co2_databricks_etl_dag.py for tasks to queue
[2026-01-06T10:13:23.441+0000] {logging_mixin.py:188} INFO - [2026-01-06T10:13:23.441+0000] {dagbag.py:538} INFO - Filling up the DagBag from /opt/airflow/dags/co2_databricks_etl_dag.py
[2026-01-06T10:13:23.460+0000] {logging_mixin.py:188} INFO - [2026-01-06T10:13:23.460+0000] {co2_databricks_etl_dag.py:34} INFO - Starting CO₂ Emissions ETL DAG
[2026-01-06T10:13:23.462+0000] {processor.py:840} INFO - DAG(s) 'co2_emissions_databricks_etl' retrieved from /opt/airflow/dags/co2_databricks_etl_dag.py
[2026-01-06T10:13:23.484+0000] {logging_mixin.py:188} INFO - [2026-01-06T10:13:23.484+0000] {dag.py:3036} INFO - Sync 1 DAGs
[2026-01-06T10:13:23.502+0000] {logging_mixin.py:188} INFO - [2026-01-06T10:13:23.502+0000] {dag.py:3823} INFO - Setting next_dagrun for co2_emissions_databricks_etl to 2026-01-05 00:00:00+00:00, run_after=2026-01-06 00:00:00+00:00
[2026-01-06T10:13:23.520+0000] {processor.py:183} INFO - Processing /opt/airflow/dags/co2_databricks_etl_dag.py took 0.083 seconds
[2026-01-06T10:13:53.743+0000] {processor.py:161} INFO - Started process (PID=186) to work on /opt/airflow/dags/co2_databricks_etl_dag.py
[2026-01-06T10:13:53.744+0000] {processor.py:830} INFO - Processing file /opt/airflow/dags/co2_databricks_etl_dag.py for tasks to queue
[2026-01-06T10:13:53.745+0000] {logging_mixin.py:188} INFO - [2026-01-06T10:13:53.745+0000] {dagbag.py:538} INFO - Filling up the DagBag from /opt/airflow/dags/co2_databricks_etl_dag.py
[2026-01-06T10:13:53.761+0000] {logging_mixin.py:188} INFO - [2026-01-06T10:13:53.760+0000] {co2_databricks_etl_dag.py:34} INFO - Starting CO₂ Emissions ETL DAG
[2026-01-06T10:13:53.762+0000] {processor.py:840} INFO - DAG(s) 'co2_emissions_databricks_etl' retrieved from /opt/airflow/dags/co2_databricks_etl_dag.py
[2026-01-06T10:13:53.782+0000] {logging_mixin.py:188} INFO - [2026-01-06T10:13:53.781+0000] {dag.py:3036} INFO - Sync 1 DAGs
[2026-01-06T10:13:53.803+0000] {logging_mixin.py:188} INFO - [2026-01-06T10:13:53.803+0000] {dag.py:3823} INFO - Setting next_dagrun for co2_emissions_databricks_etl to 2026-01-05 00:00:00+00:00, run_after=2026-01-06 00:00:00+00:00
[2026-01-06T10:13:53.828+0000] {processor.py:183} INFO - Processing /opt/airflow/dags/co2_databricks_etl_dag.py took 0.087 seconds
[2026-01-06T10:14:24.001+0000] {processor.py:161} INFO - Started process (PID=191) to work on /opt/airflow/dags/co2_databricks_etl_dag.py
[2026-01-06T10:14:24.002+0000] {processor.py:830} INFO - Processing file /opt/airflow/dags/co2_databricks_etl_dag.py for tasks to queue
[2026-01-06T10:14:24.004+0000] {logging_mixin.py:188} INFO - [2026-01-06T10:14:24.003+0000] {dagbag.py:538} INFO - Filling up the DagBag from /opt/airflow/dags/co2_databricks_etl_dag.py
[2026-01-06T10:14:24.024+0000] {logging_mixin.py:188} INFO - [2026-01-06T10:14:24.023+0000] {co2_databricks_etl_dag.py:34} INFO - Starting CO₂ Emissions ETL DAG
[2026-01-06T10:14:24.026+0000] {processor.py:840} INFO - DAG(s) 'co2_emissions_databricks_etl' retrieved from /opt/airflow/dags/co2_databricks_etl_dag.py
[2026-01-06T10:14:24.054+0000] {logging_mixin.py:188} INFO - [2026-01-06T10:14:24.053+0000] {dag.py:3036} INFO - Sync 1 DAGs
[2026-01-06T10:14:24.074+0000] {logging_mixin.py:188} INFO - [2026-01-06T10:14:24.073+0000] {dag.py:3823} INFO - Setting next_dagrun for co2_emissions_databricks_etl to 2026-01-05 00:00:00+00:00, run_after=2026-01-06 00:00:00+00:00
[2026-01-06T10:14:24.103+0000] {processor.py:183} INFO - Processing /opt/airflow/dags/co2_databricks_etl_dag.py took 0.106 seconds
[2026-01-06T10:14:54.332+0000] {processor.py:161} INFO - Started process (PID=196) to work on /opt/airflow/dags/co2_databricks_etl_dag.py
[2026-01-06T10:14:54.333+0000] {processor.py:830} INFO - Processing file /opt/airflow/dags/co2_databricks_etl_dag.py for tasks to queue
[2026-01-06T10:14:54.334+0000] {logging_mixin.py:188} INFO - [2026-01-06T10:14:54.334+0000] {dagbag.py:538} INFO - Filling up the DagBag from /opt/airflow/dags/co2_databricks_etl_dag.py
[2026-01-06T10:14:54.357+0000] {logging_mixin.py:188} INFO - [2026-01-06T10:14:54.356+0000] {co2_databricks_etl_dag.py:34} INFO - Starting CO₂ Emissions ETL DAG
[2026-01-06T10:14:54.359+0000] {processor.py:840} INFO - DAG(s) 'co2_emissions_databricks_etl' retrieved from /opt/airflow/dags/co2_databricks_etl_dag.py
[2026-01-06T10:14:54.379+0000] {logging_mixin.py:188} INFO - [2026-01-06T10:14:54.379+0000] {dag.py:3036} INFO - Sync 1 DAGs
[2026-01-06T10:14:54.399+0000] {logging_mixin.py:188} INFO - [2026-01-06T10:14:54.398+0000] {dag.py:3823} INFO - Setting next_dagrun for co2_emissions_databricks_etl to 2026-01-05 00:00:00+00:00, run_after=2026-01-06 00:00:00+00:00
[2026-01-06T10:14:54.417+0000] {processor.py:183} INFO - Processing /opt/airflow/dags/co2_databricks_etl_dag.py took 0.087 seconds
[2026-01-06T10:15:24.577+0000] {processor.py:161} INFO - Started process (PID=201) to work on /opt/airflow/dags/co2_databricks_etl_dag.py
[2026-01-06T10:15:24.578+0000] {processor.py:830} INFO - Processing file /opt/airflow/dags/co2_databricks_etl_dag.py for tasks to queue
[2026-01-06T10:15:24.581+0000] {logging_mixin.py:188} INFO - [2026-01-06T10:15:24.580+0000] {dagbag.py:538} INFO - Filling up the DagBag from /opt/airflow/dags/co2_databricks_etl_dag.py
[2026-01-06T10:15:24.609+0000] {logging_mixin.py:188} INFO - [2026-01-06T10:15:24.608+0000] {co2_databricks_etl_dag.py:34} INFO - Starting CO₂ Emissions ETL DAG
[2026-01-06T10:15:24.610+0000] {processor.py:840} INFO - DAG(s) 'co2_emissions_databricks_etl' retrieved from /opt/airflow/dags/co2_databricks_etl_dag.py
[2026-01-06T10:15:24.630+0000] {logging_mixin.py:188} INFO - [2026-01-06T10:15:24.630+0000] {dag.py:3036} INFO - Sync 1 DAGs
[2026-01-06T10:15:24.648+0000] {logging_mixin.py:188} INFO - [2026-01-06T10:15:24.648+0000] {dag.py:3823} INFO - Setting next_dagrun for co2_emissions_databricks_etl to 2026-01-05 00:00:00+00:00, run_after=2026-01-06 00:00:00+00:00
[2026-01-06T10:15:24.665+0000] {processor.py:183} INFO - Processing /opt/airflow/dags/co2_databricks_etl_dag.py took 0.090 seconds
[2026-01-06T10:15:54.846+0000] {processor.py:161} INFO - Started process (PID=206) to work on /opt/airflow/dags/co2_databricks_etl_dag.py
[2026-01-06T10:15:54.847+0000] {processor.py:830} INFO - Processing file /opt/airflow/dags/co2_databricks_etl_dag.py for tasks to queue
[2026-01-06T10:15:54.848+0000] {logging_mixin.py:188} INFO - [2026-01-06T10:15:54.848+0000] {dagbag.py:538} INFO - Filling up the DagBag from /opt/airflow/dags/co2_databricks_etl_dag.py
[2026-01-06T10:15:54.865+0000] {logging_mixin.py:188} INFO - [2026-01-06T10:15:54.865+0000] {co2_databricks_etl_dag.py:34} INFO - Starting CO₂ Emissions ETL DAG
[2026-01-06T10:15:54.867+0000] {processor.py:840} INFO - DAG(s) 'co2_emissions_databricks_etl' retrieved from /opt/airflow/dags/co2_databricks_etl_dag.py
[2026-01-06T10:15:54.891+0000] {logging_mixin.py:188} INFO - [2026-01-06T10:15:54.890+0000] {dag.py:3036} INFO - Sync 1 DAGs
[2026-01-06T10:15:54.911+0000] {logging_mixin.py:188} INFO - [2026-01-06T10:15:54.911+0000] {dag.py:3823} INFO - Setting next_dagrun for co2_emissions_databricks_etl to 2026-01-05 00:00:00+00:00, run_after=2026-01-06 00:00:00+00:00
[2026-01-06T10:15:54.931+0000] {processor.py:183} INFO - Processing /opt/airflow/dags/co2_databricks_etl_dag.py took 0.088 seconds
[2026-01-06T10:16:25.096+0000] {processor.py:161} INFO - Started process (PID=211) to work on /opt/airflow/dags/co2_databricks_etl_dag.py
[2026-01-06T10:16:25.097+0000] {processor.py:830} INFO - Processing file /opt/airflow/dags/co2_databricks_etl_dag.py for tasks to queue
[2026-01-06T10:16:25.098+0000] {logging_mixin.py:188} INFO - [2026-01-06T10:16:25.098+0000] {dagbag.py:538} INFO - Filling up the DagBag from /opt/airflow/dags/co2_databricks_etl_dag.py
[2026-01-06T10:16:25.119+0000] {logging_mixin.py:188} INFO - [2026-01-06T10:16:25.118+0000] {co2_databricks_etl_dag.py:34} INFO - Starting CO₂ Emissions ETL DAG
[2026-01-06T10:16:25.121+0000] {processor.py:840} INFO - DAG(s) 'co2_emissions_databricks_etl' retrieved from /opt/airflow/dags/co2_databricks_etl_dag.py
[2026-01-06T10:16:25.145+0000] {logging_mixin.py:188} INFO - [2026-01-06T10:16:25.145+0000] {dag.py:3036} INFO - Sync 1 DAGs
[2026-01-06T10:16:25.167+0000] {logging_mixin.py:188} INFO - [2026-01-06T10:16:25.167+0000] {dag.py:3823} INFO - Setting next_dagrun for co2_emissions_databricks_etl to 2026-01-05 00:00:00+00:00, run_after=2026-01-06 00:00:00+00:00
[2026-01-06T10:16:25.186+0000] {processor.py:183} INFO - Processing /opt/airflow/dags/co2_databricks_etl_dag.py took 0.093 seconds
[2026-01-06T10:16:55.380+0000] {processor.py:161} INFO - Started process (PID=216) to work on /opt/airflow/dags/co2_databricks_etl_dag.py
[2026-01-06T10:16:55.381+0000] {processor.py:830} INFO - Processing file /opt/airflow/dags/co2_databricks_etl_dag.py for tasks to queue
[2026-01-06T10:16:55.382+0000] {logging_mixin.py:188} INFO - [2026-01-06T10:16:55.382+0000] {dagbag.py:538} INFO - Filling up the DagBag from /opt/airflow/dags/co2_databricks_etl_dag.py
[2026-01-06T10:16:55.412+0000] {logging_mixin.py:188} INFO - [2026-01-06T10:16:55.411+0000] {co2_databricks_etl_dag.py:34} INFO - Starting CO₂ Emissions ETL DAG
[2026-01-06T10:16:55.414+0000] {processor.py:840} INFO - DAG(s) 'co2_emissions_databricks_etl' retrieved from /opt/airflow/dags/co2_databricks_etl_dag.py
[2026-01-06T10:16:55.445+0000] {logging_mixin.py:188} INFO - [2026-01-06T10:16:55.445+0000] {dag.py:3036} INFO - Sync 1 DAGs
[2026-01-06T10:16:55.472+0000] {logging_mixin.py:188} INFO - [2026-01-06T10:16:55.472+0000] {dag.py:3823} INFO - Setting next_dagrun for co2_emissions_databricks_etl to 2026-01-05 00:00:00+00:00, run_after=2026-01-06 00:00:00+00:00
[2026-01-06T10:16:55.494+0000] {processor.py:183} INFO - Processing /opt/airflow/dags/co2_databricks_etl_dag.py took 0.117 seconds
[2026-01-06T10:17:25.629+0000] {processor.py:161} INFO - Started process (PID=221) to work on /opt/airflow/dags/co2_databricks_etl_dag.py
[2026-01-06T10:17:25.631+0000] {processor.py:830} INFO - Processing file /opt/airflow/dags/co2_databricks_etl_dag.py for tasks to queue
[2026-01-06T10:17:25.632+0000] {logging_mixin.py:188} INFO - [2026-01-06T10:17:25.632+0000] {dagbag.py:538} INFO - Filling up the DagBag from /opt/airflow/dags/co2_databricks_etl_dag.py
[2026-01-06T10:17:25.651+0000] {logging_mixin.py:188} INFO - [2026-01-06T10:17:25.650+0000] {co2_databricks_etl_dag.py:34} INFO - Starting CO₂ Emissions ETL DAG
[2026-01-06T10:17:25.652+0000] {processor.py:840} INFO - DAG(s) 'co2_emissions_databricks_etl' retrieved from /opt/airflow/dags/co2_databricks_etl_dag.py
[2026-01-06T10:17:25.674+0000] {logging_mixin.py:188} INFO - [2026-01-06T10:17:25.673+0000] {dag.py:3036} INFO - Sync 1 DAGs
[2026-01-06T10:17:25.692+0000] {logging_mixin.py:188} INFO - [2026-01-06T10:17:25.692+0000] {dag.py:3823} INFO - Setting next_dagrun for co2_emissions_databricks_etl to 2026-01-05 00:00:00+00:00, run_after=2026-01-06 00:00:00+00:00
[2026-01-06T10:17:25.708+0000] {processor.py:183} INFO - Processing /opt/airflow/dags/co2_databricks_etl_dag.py took 0.081 seconds
[2026-01-06T10:17:55.907+0000] {processor.py:161} INFO - Started process (PID=230) to work on /opt/airflow/dags/co2_databricks_etl_dag.py
[2026-01-06T10:17:55.909+0000] {processor.py:830} INFO - Processing file /opt/airflow/dags/co2_databricks_etl_dag.py for tasks to queue
[2026-01-06T10:17:55.912+0000] {logging_mixin.py:188} INFO - [2026-01-06T10:17:55.911+0000] {dagbag.py:538} INFO - Filling up the DagBag from /opt/airflow/dags/co2_databricks_etl_dag.py
[2026-01-06T10:17:55.956+0000] {logging_mixin.py:188} INFO - [2026-01-06T10:17:55.956+0000] {co2_databricks_etl_dag.py:34} INFO - Starting CO₂ Emissions ETL DAG
[2026-01-06T10:17:55.961+0000] {processor.py:840} INFO - DAG(s) 'co2_emissions_databricks_etl' retrieved from /opt/airflow/dags/co2_databricks_etl_dag.py
[2026-01-06T10:17:56.025+0000] {logging_mixin.py:188} INFO - [2026-01-06T10:17:56.025+0000] {dag.py:3036} INFO - Sync 1 DAGs
[2026-01-06T10:17:56.071+0000] {logging_mixin.py:188} INFO - [2026-01-06T10:17:56.070+0000] {dag.py:3823} INFO - Setting next_dagrun for co2_emissions_databricks_etl to 2026-01-06 00:00:00+00:00, run_after=2026-01-07 00:00:00+00:00
[2026-01-06T10:17:56.112+0000] {processor.py:183} INFO - Processing /opt/airflow/dags/co2_databricks_etl_dag.py took 0.213 seconds
[2026-01-06T10:18:26.394+0000] {processor.py:161} INFO - Started process (PID=235) to work on /opt/airflow/dags/co2_databricks_etl_dag.py
[2026-01-06T10:18:26.397+0000] {processor.py:830} INFO - Processing file /opt/airflow/dags/co2_databricks_etl_dag.py for tasks to queue
[2026-01-06T10:18:26.400+0000] {logging_mixin.py:188} INFO - [2026-01-06T10:18:26.399+0000] {dagbag.py:538} INFO - Filling up the DagBag from /opt/airflow/dags/co2_databricks_etl_dag.py
[2026-01-06T10:18:26.450+0000] {logging_mixin.py:188} INFO - [2026-01-06T10:18:26.450+0000] {co2_databricks_etl_dag.py:34} INFO - Starting CO₂ Emissions ETL DAG
[2026-01-06T10:18:26.455+0000] {processor.py:840} INFO - DAG(s) 'co2_emissions_databricks_etl' retrieved from /opt/airflow/dags/co2_databricks_etl_dag.py
[2026-01-06T10:18:26.512+0000] {logging_mixin.py:188} INFO - [2026-01-06T10:18:26.511+0000] {dag.py:3036} INFO - Sync 1 DAGs
[2026-01-06T10:18:26.563+0000] {logging_mixin.py:188} INFO - [2026-01-06T10:18:26.563+0000] {dag.py:3823} INFO - Setting next_dagrun for co2_emissions_databricks_etl to 2026-01-06 00:00:00+00:00, run_after=2026-01-07 00:00:00+00:00
[2026-01-06T10:18:26.618+0000] {processor.py:183} INFO - Processing /opt/airflow/dags/co2_databricks_etl_dag.py took 0.230 seconds
[2026-01-06T10:18:57.157+0000] {processor.py:161} INFO - Started process (PID=240) to work on /opt/airflow/dags/co2_databricks_etl_dag.py
[2026-01-06T10:18:57.161+0000] {processor.py:830} INFO - Processing file /opt/airflow/dags/co2_databricks_etl_dag.py for tasks to queue
[2026-01-06T10:18:57.164+0000] {logging_mixin.py:188} INFO - [2026-01-06T10:18:57.163+0000] {dagbag.py:538} INFO - Filling up the DagBag from /opt/airflow/dags/co2_databricks_etl_dag.py
[2026-01-06T10:18:57.238+0000] {logging_mixin.py:188} INFO - [2026-01-06T10:18:57.238+0000] {co2_databricks_etl_dag.py:34} INFO - Starting CO₂ Emissions ETL DAG
[2026-01-06T10:18:57.248+0000] {processor.py:840} INFO - DAG(s) 'co2_emissions_databricks_etl' retrieved from /opt/airflow/dags/co2_databricks_etl_dag.py
[2026-01-06T10:18:57.344+0000] {logging_mixin.py:188} INFO - [2026-01-06T10:18:57.343+0000] {dag.py:3036} INFO - Sync 1 DAGs
[2026-01-06T10:18:57.440+0000] {logging_mixin.py:188} INFO - [2026-01-06T10:18:57.438+0000] {dag.py:3823} INFO - Setting next_dagrun for co2_emissions_databricks_etl to 2026-01-06 00:00:00+00:00, run_after=2026-01-07 00:00:00+00:00
[2026-01-06T10:18:57.514+0000] {processor.py:183} INFO - Processing /opt/airflow/dags/co2_databricks_etl_dag.py took 0.364 seconds
[2026-01-06T10:19:27.871+0000] {processor.py:161} INFO - Started process (PID=245) to work on /opt/airflow/dags/co2_databricks_etl_dag.py
[2026-01-06T10:19:27.874+0000] {processor.py:830} INFO - Processing file /opt/airflow/dags/co2_databricks_etl_dag.py for tasks to queue
[2026-01-06T10:19:27.878+0000] {logging_mixin.py:188} INFO - [2026-01-06T10:19:27.877+0000] {dagbag.py:538} INFO - Filling up the DagBag from /opt/airflow/dags/co2_databricks_etl_dag.py
[2026-01-06T10:19:27.938+0000] {logging_mixin.py:188} INFO - [2026-01-06T10:19:27.938+0000] {co2_databricks_etl_dag.py:34} INFO - Starting CO₂ Emissions ETL DAG
[2026-01-06T10:19:27.944+0000] {processor.py:840} INFO - DAG(s) 'co2_emissions_databricks_etl' retrieved from /opt/airflow/dags/co2_databricks_etl_dag.py
[2026-01-06T10:19:28.017+0000] {logging_mixin.py:188} INFO - [2026-01-06T10:19:28.017+0000] {dag.py:3036} INFO - Sync 1 DAGs
[2026-01-06T10:19:28.066+0000] {logging_mixin.py:188} INFO - [2026-01-06T10:19:28.066+0000] {dag.py:3823} INFO - Setting next_dagrun for co2_emissions_databricks_etl to 2026-01-06 00:00:00+00:00, run_after=2026-01-07 00:00:00+00:00
[2026-01-06T10:19:28.116+0000] {processor.py:183} INFO - Processing /opt/airflow/dags/co2_databricks_etl_dag.py took 0.254 seconds
[2026-01-06T10:19:58.395+0000] {processor.py:161} INFO - Started process (PID=250) to work on /opt/airflow/dags/co2_databricks_etl_dag.py
[2026-01-06T10:19:58.396+0000] {processor.py:830} INFO - Processing file /opt/airflow/dags/co2_databricks_etl_dag.py for tasks to queue
[2026-01-06T10:19:58.397+0000] {logging_mixin.py:188} INFO - [2026-01-06T10:19:58.397+0000] {dagbag.py:538} INFO - Filling up the DagBag from /opt/airflow/dags/co2_databricks_etl_dag.py
[2026-01-06T10:19:58.416+0000] {logging_mixin.py:188} INFO - [2026-01-06T10:19:58.416+0000] {co2_databricks_etl_dag.py:34} INFO - Starting CO₂ Emissions ETL DAG
[2026-01-06T10:19:58.418+0000] {processor.py:840} INFO - DAG(s) 'co2_emissions_databricks_etl' retrieved from /opt/airflow/dags/co2_databricks_etl_dag.py
[2026-01-06T10:19:58.447+0000] {logging_mixin.py:188} INFO - [2026-01-06T10:19:58.446+0000] {dag.py:3036} INFO - Sync 1 DAGs
[2026-01-06T10:19:58.467+0000] {logging_mixin.py:188} INFO - [2026-01-06T10:19:58.466+0000] {dag.py:3823} INFO - Setting next_dagrun for co2_emissions_databricks_etl to 2026-01-06 00:00:00+00:00, run_after=2026-01-07 00:00:00+00:00
[2026-01-06T10:19:58.500+0000] {processor.py:183} INFO - Processing /opt/airflow/dags/co2_databricks_etl_dag.py took 0.109 seconds
[2026-01-06T10:20:28.623+0000] {processor.py:161} INFO - Started process (PID=255) to work on /opt/airflow/dags/co2_databricks_etl_dag.py
[2026-01-06T10:20:28.624+0000] {processor.py:830} INFO - Processing file /opt/airflow/dags/co2_databricks_etl_dag.py for tasks to queue
[2026-01-06T10:20:28.625+0000] {logging_mixin.py:188} INFO - [2026-01-06T10:20:28.625+0000] {dagbag.py:538} INFO - Filling up the DagBag from /opt/airflow/dags/co2_databricks_etl_dag.py
[2026-01-06T10:20:28.643+0000] {logging_mixin.py:188} INFO - [2026-01-06T10:20:28.643+0000] {co2_databricks_etl_dag.py:34} INFO - Starting CO₂ Emissions ETL DAG
[2026-01-06T10:20:28.645+0000] {processor.py:840} INFO - DAG(s) 'co2_emissions_databricks_etl' retrieved from /opt/airflow/dags/co2_databricks_etl_dag.py
[2026-01-06T10:20:28.667+0000] {logging_mixin.py:188} INFO - [2026-01-06T10:20:28.667+0000] {dag.py:3036} INFO - Sync 1 DAGs
[2026-01-06T10:20:28.686+0000] {logging_mixin.py:188} INFO - [2026-01-06T10:20:28.686+0000] {dag.py:3823} INFO - Setting next_dagrun for co2_emissions_databricks_etl to 2026-01-06 00:00:00+00:00, run_after=2026-01-07 00:00:00+00:00
[2026-01-06T10:20:28.712+0000] {processor.py:183} INFO - Processing /opt/airflow/dags/co2_databricks_etl_dag.py took 0.091 seconds
[2026-01-06T10:20:58.939+0000] {processor.py:161} INFO - Started process (PID=260) to work on /opt/airflow/dags/co2_databricks_etl_dag.py
[2026-01-06T10:20:58.940+0000] {processor.py:830} INFO - Processing file /opt/airflow/dags/co2_databricks_etl_dag.py for tasks to queue
[2026-01-06T10:20:58.941+0000] {logging_mixin.py:188} INFO - [2026-01-06T10:20:58.940+0000] {dagbag.py:538} INFO - Filling up the DagBag from /opt/airflow/dags/co2_databricks_etl_dag.py
[2026-01-06T10:20:58.958+0000] {logging_mixin.py:188} INFO - [2026-01-06T10:20:58.957+0000] {co2_databricks_etl_dag.py:34} INFO - Starting CO₂ Emissions ETL DAG
[2026-01-06T10:20:58.960+0000] {processor.py:840} INFO - DAG(s) 'co2_emissions_databricks_etl' retrieved from /opt/airflow/dags/co2_databricks_etl_dag.py
[2026-01-06T10:20:58.980+0000] {logging_mixin.py:188} INFO - [2026-01-06T10:20:58.980+0000] {dag.py:3036} INFO - Sync 1 DAGs
[2026-01-06T10:20:58.997+0000] {logging_mixin.py:188} INFO - [2026-01-06T10:20:58.997+0000] {dag.py:3823} INFO - Setting next_dagrun for co2_emissions_databricks_etl to 2026-01-06 00:00:00+00:00, run_after=2026-01-07 00:00:00+00:00
[2026-01-06T10:20:59.017+0000] {processor.py:183} INFO - Processing /opt/airflow/dags/co2_databricks_etl_dag.py took 0.081 seconds
[2026-01-06T10:21:29.228+0000] {processor.py:161} INFO - Started process (PID=265) to work on /opt/airflow/dags/co2_databricks_etl_dag.py
[2026-01-06T10:21:29.229+0000] {processor.py:830} INFO - Processing file /opt/airflow/dags/co2_databricks_etl_dag.py for tasks to queue
[2026-01-06T10:21:29.231+0000] {logging_mixin.py:188} INFO - [2026-01-06T10:21:29.230+0000] {dagbag.py:538} INFO - Filling up the DagBag from /opt/airflow/dags/co2_databricks_etl_dag.py
[2026-01-06T10:21:29.253+0000] {logging_mixin.py:188} INFO - [2026-01-06T10:21:29.252+0000] {co2_databricks_etl_dag.py:34} INFO - Starting CO₂ Emissions ETL DAG
[2026-01-06T10:21:29.255+0000] {processor.py:840} INFO - DAG(s) 'co2_emissions_databricks_etl' retrieved from /opt/airflow/dags/co2_databricks_etl_dag.py
[2026-01-06T10:21:29.281+0000] {logging_mixin.py:188} INFO - [2026-01-06T10:21:29.280+0000] {dag.py:3036} INFO - Sync 1 DAGs
[2026-01-06T10:21:29.303+0000] {logging_mixin.py:188} INFO - [2026-01-06T10:21:29.302+0000] {dag.py:3823} INFO - Setting next_dagrun for co2_emissions_databricks_etl to 2026-01-06 00:00:00+00:00, run_after=2026-01-07 00:00:00+00:00
[2026-01-06T10:21:29.323+0000] {processor.py:183} INFO - Processing /opt/airflow/dags/co2_databricks_etl_dag.py took 0.098 seconds
[2026-01-06T10:21:59.473+0000] {processor.py:161} INFO - Started process (PID=270) to work on /opt/airflow/dags/co2_databricks_etl_dag.py
[2026-01-06T10:21:59.474+0000] {processor.py:830} INFO - Processing file /opt/airflow/dags/co2_databricks_etl_dag.py for tasks to queue
[2026-01-06T10:21:59.475+0000] {logging_mixin.py:188} INFO - [2026-01-06T10:21:59.474+0000] {dagbag.py:538} INFO - Filling up the DagBag from /opt/airflow/dags/co2_databricks_etl_dag.py
[2026-01-06T10:21:59.492+0000] {logging_mixin.py:188} INFO - [2026-01-06T10:21:59.492+0000] {co2_databricks_etl_dag.py:34} INFO - Starting CO₂ Emissions ETL DAG
[2026-01-06T10:21:59.494+0000] {processor.py:840} INFO - DAG(s) 'co2_emissions_databricks_etl' retrieved from /opt/airflow/dags/co2_databricks_etl_dag.py
[2026-01-06T10:21:59.515+0000] {logging_mixin.py:188} INFO - [2026-01-06T10:21:59.514+0000] {dag.py:3036} INFO - Sync 1 DAGs
[2026-01-06T10:21:59.532+0000] {logging_mixin.py:188} INFO - [2026-01-06T10:21:59.532+0000] {dag.py:3823} INFO - Setting next_dagrun for co2_emissions_databricks_etl to 2026-01-06 00:00:00+00:00, run_after=2026-01-07 00:00:00+00:00
[2026-01-06T10:21:59.546+0000] {processor.py:183} INFO - Processing /opt/airflow/dags/co2_databricks_etl_dag.py took 0.076 seconds
[2026-01-06T10:22:29.844+0000] {processor.py:161} INFO - Started process (PID=275) to work on /opt/airflow/dags/co2_databricks_etl_dag.py
[2026-01-06T10:22:29.845+0000] {processor.py:830} INFO - Processing file /opt/airflow/dags/co2_databricks_etl_dag.py for tasks to queue
[2026-01-06T10:22:29.846+0000] {logging_mixin.py:188} INFO - [2026-01-06T10:22:29.846+0000] {dagbag.py:538} INFO - Filling up the DagBag from /opt/airflow/dags/co2_databricks_etl_dag.py
[2026-01-06T10:22:29.863+0000] {logging_mixin.py:188} INFO - [2026-01-06T10:22:29.862+0000] {co2_databricks_etl_dag.py:34} INFO - Starting CO₂ Emissions ETL DAG
[2026-01-06T10:22:29.865+0000] {processor.py:840} INFO - DAG(s) 'co2_emissions_databricks_etl' retrieved from /opt/airflow/dags/co2_databricks_etl_dag.py
[2026-01-06T10:22:29.887+0000] {logging_mixin.py:188} INFO - [2026-01-06T10:22:29.886+0000] {dag.py:3036} INFO - Sync 1 DAGs
[2026-01-06T10:22:29.906+0000] {logging_mixin.py:188} INFO - [2026-01-06T10:22:29.905+0000] {dag.py:3823} INFO - Setting next_dagrun for co2_emissions_databricks_etl to 2026-01-06 00:00:00+00:00, run_after=2026-01-07 00:00:00+00:00
[2026-01-06T10:22:29.923+0000] {processor.py:183} INFO - Processing /opt/airflow/dags/co2_databricks_etl_dag.py took 0.082 seconds
[2026-01-06T10:23:00.147+0000] {processor.py:161} INFO - Started process (PID=280) to work on /opt/airflow/dags/co2_databricks_etl_dag.py
[2026-01-06T10:23:00.148+0000] {processor.py:830} INFO - Processing file /opt/airflow/dags/co2_databricks_etl_dag.py for tasks to queue
[2026-01-06T10:23:00.149+0000] {logging_mixin.py:188} INFO - [2026-01-06T10:23:00.149+0000] {dagbag.py:538} INFO - Filling up the DagBag from /opt/airflow/dags/co2_databricks_etl_dag.py
[2026-01-06T10:23:00.170+0000] {logging_mixin.py:188} INFO - [2026-01-06T10:23:00.170+0000] {co2_databricks_etl_dag.py:34} INFO - Starting CO₂ Emissions ETL DAG
[2026-01-06T10:23:00.176+0000] {processor.py:840} INFO - DAG(s) 'co2_emissions_databricks_etl' retrieved from /opt/airflow/dags/co2_databricks_etl_dag.py
[2026-01-06T10:23:00.198+0000] {logging_mixin.py:188} INFO - [2026-01-06T10:23:00.198+0000] {dag.py:3036} INFO - Sync 1 DAGs
[2026-01-06T10:23:00.217+0000] {logging_mixin.py:188} INFO - [2026-01-06T10:23:00.216+0000] {dag.py:3823} INFO - Setting next_dagrun for co2_emissions_databricks_etl to 2026-01-06 00:00:00+00:00, run_after=2026-01-07 00:00:00+00:00
[2026-01-06T10:23:00.235+0000] {processor.py:183} INFO - Processing /opt/airflow/dags/co2_databricks_etl_dag.py took 0.090 seconds
[2026-01-06T10:23:30.411+0000] {processor.py:161} INFO - Started process (PID=285) to work on /opt/airflow/dags/co2_databricks_etl_dag.py
[2026-01-06T10:23:30.413+0000] {processor.py:830} INFO - Processing file /opt/airflow/dags/co2_databricks_etl_dag.py for tasks to queue
[2026-01-06T10:23:30.414+0000] {logging_mixin.py:188} INFO - [2026-01-06T10:23:30.414+0000] {dagbag.py:538} INFO - Filling up the DagBag from /opt/airflow/dags/co2_databricks_etl_dag.py
[2026-01-06T10:23:30.449+0000] {logging_mixin.py:188} INFO - [2026-01-06T10:23:30.449+0000] {co2_databricks_etl_dag.py:34} INFO - Starting CO₂ Emissions ETL DAG
[2026-01-06T10:23:30.452+0000] {processor.py:840} INFO - DAG(s) 'co2_emissions_databricks_etl' retrieved from /opt/airflow/dags/co2_databricks_etl_dag.py
[2026-01-06T10:23:30.483+0000] {logging_mixin.py:188} INFO - [2026-01-06T10:23:30.483+0000] {dag.py:3036} INFO - Sync 1 DAGs
[2026-01-06T10:23:30.507+0000] {logging_mixin.py:188} INFO - [2026-01-06T10:23:30.506+0000] {dag.py:3823} INFO - Setting next_dagrun for co2_emissions_databricks_etl to 2026-01-06 00:00:00+00:00, run_after=2026-01-07 00:00:00+00:00
[2026-01-06T10:23:30.534+0000] {processor.py:183} INFO - Processing /opt/airflow/dags/co2_databricks_etl_dag.py took 0.126 seconds
