[2025-12-31T10:57:56.393+0000] {taskinstance.py:1956} INFO - Dependencies all met for dep_context=non-requeueable deps ti=<TaskInstance: co2_emissions_databricks_etl.run_co2_databricks_job manual__2025-12-31T10:57:55.147928+00:00 [queued]>
[2025-12-31T10:57:56.423+0000] {taskinstance.py:1956} INFO - Dependencies all met for dep_context=requeueable deps ti=<TaskInstance: co2_emissions_databricks_etl.run_co2_databricks_job manual__2025-12-31T10:57:55.147928+00:00 [queued]>
[2025-12-31T10:57:56.426+0000] {taskinstance.py:2170} INFO - Starting attempt 1 of 3
[2025-12-31T10:57:56.489+0000] {taskinstance.py:2191} INFO - Executing <Task(DatabricksRunNowOperator): run_co2_databricks_job> on 2025-12-31 10:57:55.147928+00:00
[2025-12-31T10:57:56.513+0000] {standard_task_runner.py:60} INFO - Started process 229 to run task
[2025-12-31T10:57:56.542+0000] {standard_task_runner.py:87} INFO - Running: ['***', 'tasks', 'run', 'co2_emissions_databricks_etl', 'run_co2_databricks_job', 'manual__2025-12-31T10:57:55.147928+00:00', '--job-id', '3', '--raw', '--subdir', 'DAGS_FOLDER/co2_databricks_etl_dag.py', '--cfg-path', '/tmp/tmpxu3c4yr6']
[2025-12-31T10:57:56.552+0000] {standard_task_runner.py:88} INFO - Job 3: Subtask run_co2_databricks_job
[2025-12-31T10:57:56.866+0000] {task_command.py:423} INFO - Running <TaskInstance: co2_emissions_databricks_etl.run_co2_databricks_job manual__2025-12-31T10:57:55.147928+00:00 [running]> on host f0994e215c36
[2025-12-31T10:57:57.093+0000] {taskinstance.py:2480} INFO - Exporting env vars: AIRFLOW_CTX_DAG_OWNER='Bhavani' AIRFLOW_CTX_DAG_ID='co2_emissions_databricks_etl' AIRFLOW_CTX_TASK_ID='run_co2_databricks_job' AIRFLOW_CTX_EXECUTION_DATE='2025-12-31T10:57:55.147928+00:00' AIRFLOW_CTX_TRY_NUMBER='1' AIRFLOW_CTX_DAG_RUN_ID='manual__2025-12-31T10:57:55.147928+00:00'
[2025-12-31T10:57:57.113+0000] {base.py:83} INFO - Using connection ID 'databricks_default' for task execution.
[2025-12-31T10:57:57.117+0000] {databricks_base.py:461} INFO - Using token auth. For security reasons, please set token in Password field instead of extra
[2025-12-31T10:57:59.419+0000] {databricks.py:66} INFO - Run submitted with run_id: 758639531324694
[2025-12-31T10:57:59.421+0000] {databricks_base.py:461} INFO - Using token auth. For security reasons, please set token in Password field instead of extra
[2025-12-31T10:58:00.961+0000] {databricks_base.py:461} INFO - Using token auth. For security reasons, please set token in Password field instead of extra
[2025-12-31T10:58:02.177+0000] {databricks.py:128} INFO - run_co2_databricks_job in run state: {'life_cycle_state': 'RUNNING', 'result_state': '', 'state_message': ''}
[2025-12-31T10:58:02.179+0000] {databricks.py:129} INFO - View run status, Spark UI, and logs at https://dbc-442a6c74-78c7.cloud.databricks.com/?o=4351480801582393#job/786321176354304/run/758639531324694
[2025-12-31T10:58:02.180+0000] {databricks.py:130} INFO - Sleeping for 30 seconds.
[2025-12-31T10:58:32.184+0000] {databricks_base.py:461} INFO - Using token auth. For security reasons, please set token in Password field instead of extra
[2025-12-31T10:58:34.424+0000] {databricks.py:128} INFO - run_co2_databricks_job in run state: {'life_cycle_state': 'RUNNING', 'result_state': '', 'state_message': ''}
[2025-12-31T10:58:34.425+0000] {databricks.py:129} INFO - View run status, Spark UI, and logs at https://dbc-442a6c74-78c7.cloud.databricks.com/?o=4351480801582393#job/786321176354304/run/758639531324694
[2025-12-31T10:58:34.426+0000] {databricks.py:130} INFO - Sleeping for 30 seconds.
[2025-12-31T10:59:04.456+0000] {databricks_base.py:461} INFO - Using token auth. For security reasons, please set token in Password field instead of extra
[2025-12-31T10:59:06.482+0000] {databricks.py:128} INFO - run_co2_databricks_job in run state: {'life_cycle_state': 'RUNNING', 'result_state': '', 'state_message': ''}
[2025-12-31T10:59:06.483+0000] {databricks.py:129} INFO - View run status, Spark UI, and logs at https://dbc-442a6c74-78c7.cloud.databricks.com/?o=4351480801582393#job/786321176354304/run/758639531324694
[2025-12-31T10:59:06.483+0000] {databricks.py:130} INFO - Sleeping for 30 seconds.
[2025-12-31T10:59:36.512+0000] {databricks_base.py:461} INFO - Using token auth. For security reasons, please set token in Password field instead of extra
[2025-12-31T10:59:38.579+0000] {databricks.py:128} INFO - run_co2_databricks_job in run state: {'life_cycle_state': 'RUNNING', 'result_state': '', 'state_message': ''}
[2025-12-31T10:59:38.580+0000] {databricks.py:129} INFO - View run status, Spark UI, and logs at https://dbc-442a6c74-78c7.cloud.databricks.com/?o=4351480801582393#job/786321176354304/run/758639531324694
[2025-12-31T10:59:38.581+0000] {databricks.py:130} INFO - Sleeping for 30 seconds.
[2025-12-31T11:00:08.608+0000] {databricks_base.py:461} INFO - Using token auth. For security reasons, please set token in Password field instead of extra
[2025-12-31T11:00:12.043+0000] {databricks.py:128} INFO - run_co2_databricks_job in run state: {'life_cycle_state': 'RUNNING', 'result_state': '', 'state_message': ''}
[2025-12-31T11:00:12.045+0000] {databricks.py:129} INFO - View run status, Spark UI, and logs at https://dbc-442a6c74-78c7.cloud.databricks.com/?o=4351480801582393#job/786321176354304/run/758639531324694
[2025-12-31T11:00:12.046+0000] {databricks.py:130} INFO - Sleeping for 30 seconds.
[2025-12-31T11:00:42.075+0000] {databricks_base.py:461} INFO - Using token auth. For security reasons, please set token in Password field instead of extra
[2025-12-31T11:00:46.077+0000] {databricks.py:77} INFO - run_co2_databricks_job completed successfully.
[2025-12-31T11:00:46.079+0000] {databricks.py:78} INFO - View run status, Spark UI, and logs at https://dbc-442a6c74-78c7.cloud.databricks.com/?o=4351480801582393#job/786321176354304/run/758639531324694
[2025-12-31T11:00:46.099+0000] {taskinstance.py:1138} INFO - Marking task as SUCCESS. dag_id=co2_emissions_databricks_etl, task_id=run_co2_databricks_job, execution_date=20251231T105755, start_date=20251231T105756, end_date=20251231T110046
[2025-12-31T11:00:46.179+0000] {local_task_job_runner.py:234} INFO - Task exited with return code 0
[2025-12-31T11:00:46.219+0000] {taskinstance.py:3280} INFO - 0 downstream tasks scheduled from follow-on schedule check
