[2025-12-31T10:58:22.828+0000] {taskinstance.py:1956} INFO - Dependencies all met for dep_context=non-requeueable deps ti=<TaskInstance: co2_emissions_databricks_etl.run_co2_databricks_job scheduled__2025-12-30T00:00:00+00:00 [queued]>
[2025-12-31T10:58:22.839+0000] {taskinstance.py:1956} INFO - Dependencies all met for dep_context=requeueable deps ti=<TaskInstance: co2_emissions_databricks_etl.run_co2_databricks_job scheduled__2025-12-30T00:00:00+00:00 [queued]>
[2025-12-31T10:58:22.840+0000] {taskinstance.py:2170} INFO - Starting attempt 2 of 3
[2025-12-31T10:58:22.855+0000] {taskinstance.py:2191} INFO - Executing <Task(DatabricksRunNowOperator): run_co2_databricks_job> on 2025-12-30 00:00:00+00:00
[2025-12-31T10:58:22.860+0000] {standard_task_runner.py:60} INFO - Started process 236 to run task
[2025-12-31T10:58:22.864+0000] {standard_task_runner.py:87} INFO - Running: ['***', 'tasks', 'run', 'co2_emissions_databricks_etl', 'run_co2_databricks_job', 'scheduled__2025-12-30T00:00:00+00:00', '--job-id', '4', '--raw', '--subdir', 'DAGS_FOLDER/co2_databricks_etl_dag.py', '--cfg-path', '/tmp/tmpixl9isf_']
[2025-12-31T10:58:22.866+0000] {standard_task_runner.py:88} INFO - Job 4: Subtask run_co2_databricks_job
[2025-12-31T10:58:22.963+0000] {task_command.py:423} INFO - Running <TaskInstance: co2_emissions_databricks_etl.run_co2_databricks_job scheduled__2025-12-30T00:00:00+00:00 [running]> on host f0994e215c36
[2025-12-31T10:58:23.074+0000] {taskinstance.py:2480} INFO - Exporting env vars: AIRFLOW_CTX_DAG_OWNER='Bhavani' AIRFLOW_CTX_DAG_ID='co2_emissions_databricks_etl' AIRFLOW_CTX_TASK_ID='run_co2_databricks_job' AIRFLOW_CTX_EXECUTION_DATE='2025-12-30T00:00:00+00:00' AIRFLOW_CTX_TRY_NUMBER='2' AIRFLOW_CTX_DAG_RUN_ID='scheduled__2025-12-30T00:00:00+00:00'
[2025-12-31T10:58:23.088+0000] {base.py:83} INFO - Using connection ID 'databricks_default' for task execution.
[2025-12-31T10:58:23.091+0000] {databricks_base.py:461} INFO - Using token auth. For security reasons, please set token in Password field instead of extra
[2025-12-31T10:58:23.940+0000] {databricks_base.py:516} ERROR - Attempt 1 API Request to Databricks failed with reason: <Future at 0x73b228fe7280 state=finished raised SSLError>
[2025-12-31T10:58:27.049+0000] {databricks.py:66} INFO - Run submitted with run_id: 1120123348889912
[2025-12-31T10:58:27.051+0000] {databricks_base.py:461} INFO - Using token auth. For security reasons, please set token in Password field instead of extra
[2025-12-31T10:58:30.040+0000] {databricks_base.py:461} INFO - Using token auth. For security reasons, please set token in Password field instead of extra
[2025-12-31T10:58:31.796+0000] {databricks.py:128} INFO - run_co2_databricks_job in run state: {'life_cycle_state': 'QUEUED', 'result_state': '', 'state_message': ''}
[2025-12-31T10:58:31.797+0000] {databricks.py:129} INFO - View run status, Spark UI, and logs at https://dbc-442a6c74-78c7.cloud.databricks.com/?o=4351480801582393#job/786321176354304/run/1120123348889912
[2025-12-31T10:58:31.798+0000] {databricks.py:130} INFO - Sleeping for 30 seconds.
[2025-12-31T10:59:01.826+0000] {databricks_base.py:461} INFO - Using token auth. For security reasons, please set token in Password field instead of extra
[2025-12-31T10:59:04.398+0000] {databricks.py:128} INFO - run_co2_databricks_job in run state: {'life_cycle_state': 'QUEUED', 'result_state': '', 'state_message': ''}
[2025-12-31T10:59:04.399+0000] {databricks.py:129} INFO - View run status, Spark UI, and logs at https://dbc-442a6c74-78c7.cloud.databricks.com/?o=4351480801582393#job/786321176354304/run/1120123348889912
[2025-12-31T10:59:04.400+0000] {databricks.py:130} INFO - Sleeping for 30 seconds.
[2025-12-31T10:59:34.401+0000] {databricks_base.py:461} INFO - Using token auth. For security reasons, please set token in Password field instead of extra
[2025-12-31T10:59:36.428+0000] {databricks.py:128} INFO - run_co2_databricks_job in run state: {'life_cycle_state': 'QUEUED', 'result_state': '', 'state_message': ''}
[2025-12-31T10:59:36.431+0000] {databricks.py:129} INFO - View run status, Spark UI, and logs at https://dbc-442a6c74-78c7.cloud.databricks.com/?o=4351480801582393#job/786321176354304/run/1120123348889912
[2025-12-31T10:59:36.433+0000] {databricks.py:130} INFO - Sleeping for 30 seconds.
[2025-12-31T11:00:06.453+0000] {databricks_base.py:461} INFO - Using token auth. For security reasons, please set token in Password field instead of extra
[2025-12-31T11:00:10.656+0000] {databricks.py:128} INFO - run_co2_databricks_job in run state: {'life_cycle_state': 'QUEUED', 'result_state': '', 'state_message': ''}
[2025-12-31T11:00:10.658+0000] {databricks.py:129} INFO - View run status, Spark UI, and logs at https://dbc-442a6c74-78c7.cloud.databricks.com/?o=4351480801582393#job/786321176354304/run/1120123348889912
[2025-12-31T11:00:10.658+0000] {databricks.py:130} INFO - Sleeping for 30 seconds.
[2025-12-31T11:00:40.685+0000] {databricks_base.py:461} INFO - Using token auth. For security reasons, please set token in Password field instead of extra
[2025-12-31T11:00:45.880+0000] {databricks.py:128} INFO - run_co2_databricks_job in run state: {'life_cycle_state': 'RUNNING', 'result_state': '', 'state_message': ''}
[2025-12-31T11:00:45.883+0000] {databricks.py:129} INFO - View run status, Spark UI, and logs at https://dbc-442a6c74-78c7.cloud.databricks.com/?o=4351480801582393#job/786321176354304/run/1120123348889912
[2025-12-31T11:00:45.885+0000] {databricks.py:130} INFO - Sleeping for 30 seconds.
[2025-12-31T11:01:15.892+0000] {databricks_base.py:461} INFO - Using token auth. For security reasons, please set token in Password field instead of extra
[2025-12-31T11:01:17.653+0000] {databricks.py:128} INFO - run_co2_databricks_job in run state: {'life_cycle_state': 'RUNNING', 'result_state': '', 'state_message': ''}
[2025-12-31T11:01:17.654+0000] {databricks.py:129} INFO - View run status, Spark UI, and logs at https://dbc-442a6c74-78c7.cloud.databricks.com/?o=4351480801582393#job/786321176354304/run/1120123348889912
[2025-12-31T11:01:17.655+0000] {databricks.py:130} INFO - Sleeping for 30 seconds.
[2025-12-31T11:01:47.661+0000] {databricks_base.py:461} INFO - Using token auth. For security reasons, please set token in Password field instead of extra
[2025-12-31T11:01:49.327+0000] {databricks.py:128} INFO - run_co2_databricks_job in run state: {'life_cycle_state': 'RUNNING', 'result_state': '', 'state_message': ''}
[2025-12-31T11:01:49.328+0000] {databricks.py:129} INFO - View run status, Spark UI, and logs at https://dbc-442a6c74-78c7.cloud.databricks.com/?o=4351480801582393#job/786321176354304/run/1120123348889912
[2025-12-31T11:01:49.328+0000] {databricks.py:130} INFO - Sleeping for 30 seconds.
[2025-12-31T11:02:19.356+0000] {databricks_base.py:461} INFO - Using token auth. For security reasons, please set token in Password field instead of extra
[2025-12-31T11:02:21.113+0000] {databricks.py:77} INFO - run_co2_databricks_job completed successfully.
[2025-12-31T11:02:21.115+0000] {databricks.py:78} INFO - View run status, Spark UI, and logs at https://dbc-442a6c74-78c7.cloud.databricks.com/?o=4351480801582393#job/786321176354304/run/1120123348889912
[2025-12-31T11:02:21.128+0000] {taskinstance.py:1138} INFO - Marking task as SUCCESS. dag_id=co2_emissions_databricks_etl, task_id=run_co2_databricks_job, execution_date=20251230T000000, start_date=20251231T105822, end_date=20251231T110221
[2025-12-31T11:02:21.176+0000] {local_task_job_runner.py:234} INFO - Task exited with return code 0
[2025-12-31T11:02:21.188+0000] {taskinstance.py:3280} INFO - 0 downstream tasks scheduled from follow-on schedule check
