[2026-01-06T10:17:50.036+0000] {taskinstance.py:1956} INFO - Dependencies all met for dep_context=non-requeueable deps ti=<TaskInstance: co2_emissions_databricks_etl.run_co2_databricks_job manual__2026-01-06T10:17:48.869079+00:00 [queued]>
[2026-01-06T10:17:50.046+0000] {taskinstance.py:1956} INFO - Dependencies all met for dep_context=requeueable deps ti=<TaskInstance: co2_emissions_databricks_etl.run_co2_databricks_job manual__2026-01-06T10:17:48.869079+00:00 [queued]>
[2026-01-06T10:17:50.046+0000] {taskinstance.py:2170} INFO - Starting attempt 1 of 3
[2026-01-06T10:17:50.058+0000] {taskinstance.py:2191} INFO - Executing <Task(DatabricksRunNowOperator): run_co2_databricks_job> on 2026-01-06 10:17:48.869079+00:00
[2026-01-06T10:17:50.062+0000] {standard_task_runner.py:60} INFO - Started process 229 to run task
[2026-01-06T10:17:50.065+0000] {standard_task_runner.py:87} INFO - Running: ['***', 'tasks', 'run', 'co2_emissions_databricks_etl', 'run_co2_databricks_job', 'manual__2026-01-06T10:17:48.869079+00:00', '--job-id', '3', '--raw', '--subdir', 'DAGS_FOLDER/co2_databricks_etl_dag.py', '--cfg-path', '/tmp/tmpng3o7x6n']
[2026-01-06T10:17:50.068+0000] {standard_task_runner.py:88} INFO - Job 3: Subtask run_co2_databricks_job
[2026-01-06T10:17:50.145+0000] {task_command.py:423} INFO - Running <TaskInstance: co2_emissions_databricks_etl.run_co2_databricks_job manual__2026-01-06T10:17:48.869079+00:00 [running]> on host b4330c2d7284
[2026-01-06T10:17:50.213+0000] {taskinstance.py:2480} INFO - Exporting env vars: AIRFLOW_CTX_DAG_OWNER='Bhavani' AIRFLOW_CTX_DAG_ID='co2_emissions_databricks_etl' AIRFLOW_CTX_TASK_ID='run_co2_databricks_job' AIRFLOW_CTX_EXECUTION_DATE='2026-01-06T10:17:48.869079+00:00' AIRFLOW_CTX_TRY_NUMBER='1' AIRFLOW_CTX_DAG_RUN_ID='manual__2026-01-06T10:17:48.869079+00:00'
[2026-01-06T10:17:50.221+0000] {base.py:83} INFO - Using connection ID 'databricks_default' for task execution.
[2026-01-06T10:17:50.223+0000] {databricks_base.py:461} INFO - Using token auth. For security reasons, please set token in Password field instead of extra
[2026-01-06T10:17:51.812+0000] {databricks.py:66} INFO - Run submitted with run_id: 281616220220086
[2026-01-06T10:17:51.813+0000] {databricks_base.py:461} INFO - Using token auth. For security reasons, please set token in Password field instead of extra
[2026-01-06T10:17:53.025+0000] {databricks_base.py:461} INFO - Using token auth. For security reasons, please set token in Password field instead of extra
[2026-01-06T10:17:55.009+0000] {databricks.py:128} INFO - run_co2_databricks_job in run state: {'life_cycle_state': 'QUEUED', 'result_state': '', 'state_message': ''}
[2026-01-06T10:17:55.011+0000] {databricks.py:129} INFO - View run status, Spark UI, and logs at https://dbc-442a6c74-78c7.cloud.databricks.com/?o=4351480801582393#job/786321176354304/run/281616220220086
[2026-01-06T10:17:55.013+0000] {databricks.py:130} INFO - Sleeping for 30 seconds.
[2026-01-06T10:18:25.010+0000] {databricks_base.py:461} INFO - Using token auth. For security reasons, please set token in Password field instead of extra
[2026-01-06T10:18:26.260+0000] {databricks.py:128} INFO - run_co2_databricks_job in run state: {'life_cycle_state': 'QUEUED', 'result_state': '', 'state_message': ''}
[2026-01-06T10:18:26.262+0000] {databricks.py:129} INFO - View run status, Spark UI, and logs at https://dbc-442a6c74-78c7.cloud.databricks.com/?o=4351480801582393#job/786321176354304/run/281616220220086
[2026-01-06T10:18:26.263+0000] {databricks.py:130} INFO - Sleeping for 30 seconds.
[2026-01-06T10:18:56.265+0000] {databricks_base.py:461} INFO - Using token auth. For security reasons, please set token in Password field instead of extra
[2026-01-06T10:18:57.392+0000] {databricks.py:128} INFO - run_co2_databricks_job in run state: {'life_cycle_state': 'QUEUED', 'result_state': '', 'state_message': ''}
[2026-01-06T10:18:57.397+0000] {databricks.py:129} INFO - View run status, Spark UI, and logs at https://dbc-442a6c74-78c7.cloud.databricks.com/?o=4351480801582393#job/786321176354304/run/281616220220086
[2026-01-06T10:18:57.399+0000] {databricks.py:130} INFO - Sleeping for 30 seconds.
[2026-01-06T10:19:27.411+0000] {databricks_base.py:461} INFO - Using token auth. For security reasons, please set token in Password field instead of extra
[2026-01-06T10:19:28.640+0000] {databricks.py:128} INFO - run_co2_databricks_job in run state: {'life_cycle_state': 'QUEUED', 'result_state': '', 'state_message': ''}
[2026-01-06T10:19:28.642+0000] {databricks.py:129} INFO - View run status, Spark UI, and logs at https://dbc-442a6c74-78c7.cloud.databricks.com/?o=4351480801582393#job/786321176354304/run/281616220220086
[2026-01-06T10:19:28.643+0000] {databricks.py:130} INFO - Sleeping for 30 seconds.
[2026-01-06T10:19:58.675+0000] {databricks_base.py:461} INFO - Using token auth. For security reasons, please set token in Password field instead of extra
[2026-01-06T10:19:59.864+0000] {databricks.py:128} INFO - run_co2_databricks_job in run state: {'life_cycle_state': 'QUEUED', 'result_state': '', 'state_message': ''}
[2026-01-06T10:19:59.866+0000] {databricks.py:129} INFO - View run status, Spark UI, and logs at https://dbc-442a6c74-78c7.cloud.databricks.com/?o=4351480801582393#job/786321176354304/run/281616220220086
[2026-01-06T10:19:59.867+0000] {databricks.py:130} INFO - Sleeping for 30 seconds.
[2026-01-06T10:20:29.882+0000] {databricks_base.py:461} INFO - Using token auth. For security reasons, please set token in Password field instead of extra
[2026-01-06T10:20:31.000+0000] {databricks.py:128} INFO - run_co2_databricks_job in run state: {'life_cycle_state': 'RUNNING', 'result_state': '', 'state_message': ''}
[2026-01-06T10:20:31.001+0000] {databricks.py:129} INFO - View run status, Spark UI, and logs at https://dbc-442a6c74-78c7.cloud.databricks.com/?o=4351480801582393#job/786321176354304/run/281616220220086
[2026-01-06T10:20:31.001+0000] {databricks.py:130} INFO - Sleeping for 30 seconds.
[2026-01-06T10:21:01.008+0000] {databricks_base.py:461} INFO - Using token auth. For security reasons, please set token in Password field instead of extra
[2026-01-06T10:21:02.183+0000] {databricks.py:128} INFO - run_co2_databricks_job in run state: {'life_cycle_state': 'RUNNING', 'result_state': '', 'state_message': ''}
[2026-01-06T10:21:02.185+0000] {databricks.py:129} INFO - View run status, Spark UI, and logs at https://dbc-442a6c74-78c7.cloud.databricks.com/?o=4351480801582393#job/786321176354304/run/281616220220086
[2026-01-06T10:21:02.186+0000] {databricks.py:130} INFO - Sleeping for 30 seconds.
[2026-01-06T10:21:32.194+0000] {databricks_base.py:461} INFO - Using token auth. For security reasons, please set token in Password field instead of extra
[2026-01-06T10:21:33.398+0000] {databricks.py:128} INFO - run_co2_databricks_job in run state: {'life_cycle_state': 'RUNNING', 'result_state': '', 'state_message': ''}
[2026-01-06T10:21:33.400+0000] {databricks.py:129} INFO - View run status, Spark UI, and logs at https://dbc-442a6c74-78c7.cloud.databricks.com/?o=4351480801582393#job/786321176354304/run/281616220220086
[2026-01-06T10:21:33.401+0000] {databricks.py:130} INFO - Sleeping for 30 seconds.
[2026-01-06T10:22:03.428+0000] {databricks_base.py:461} INFO - Using token auth. For security reasons, please set token in Password field instead of extra
[2026-01-06T10:22:04.603+0000] {databricks.py:77} INFO - run_co2_databricks_job completed successfully.
[2026-01-06T10:22:04.605+0000] {databricks.py:78} INFO - View run status, Spark UI, and logs at https://dbc-442a6c74-78c7.cloud.databricks.com/?o=4351480801582393#job/786321176354304/run/281616220220086
[2026-01-06T10:22:04.614+0000] {taskinstance.py:1138} INFO - Marking task as SUCCESS. dag_id=co2_emissions_databricks_etl, task_id=run_co2_databricks_job, execution_date=20260106T101748, start_date=20260106T101750, end_date=20260106T102204
[2026-01-06T10:22:04.632+0000] {local_task_job_runner.py:234} INFO - Task exited with return code 0
[2026-01-06T10:22:04.647+0000] {taskinstance.py:3280} INFO - 0 downstream tasks scheduled from follow-on schedule check
