[2026-01-06T10:17:46.000+0000] {taskinstance.py:1956} INFO - Dependencies all met for dep_context=non-requeueable deps ti=<TaskInstance: co2_emissions_databricks_etl.run_co2_databricks_job scheduled__2026-01-05T00:00:00+00:00 [queued]>
[2026-01-06T10:17:46.007+0000] {taskinstance.py:1956} INFO - Dependencies all met for dep_context=requeueable deps ti=<TaskInstance: co2_emissions_databricks_etl.run_co2_databricks_job scheduled__2026-01-05T00:00:00+00:00 [queued]>
[2026-01-06T10:17:46.008+0000] {taskinstance.py:2170} INFO - Starting attempt 1 of 3
[2026-01-06T10:17:46.020+0000] {taskinstance.py:2191} INFO - Executing <Task(DatabricksRunNowOperator): run_co2_databricks_job> on 2026-01-05 00:00:00+00:00
[2026-01-06T10:17:46.023+0000] {standard_task_runner.py:60} INFO - Started process 227 to run task
[2026-01-06T10:17:46.026+0000] {standard_task_runner.py:87} INFO - Running: ['***', 'tasks', 'run', 'co2_emissions_databricks_etl', 'run_co2_databricks_job', 'scheduled__2026-01-05T00:00:00+00:00', '--job-id', '2', '--raw', '--subdir', 'DAGS_FOLDER/co2_databricks_etl_dag.py', '--cfg-path', '/tmp/tmp4khfg2sl']
[2026-01-06T10:17:46.028+0000] {standard_task_runner.py:88} INFO - Job 2: Subtask run_co2_databricks_job
[2026-01-06T10:17:46.117+0000] {task_command.py:423} INFO - Running <TaskInstance: co2_emissions_databricks_etl.run_co2_databricks_job scheduled__2026-01-05T00:00:00+00:00 [running]> on host b4330c2d7284
[2026-01-06T10:17:46.182+0000] {taskinstance.py:2480} INFO - Exporting env vars: AIRFLOW_CTX_DAG_OWNER='Bhavani' AIRFLOW_CTX_DAG_ID='co2_emissions_databricks_etl' AIRFLOW_CTX_TASK_ID='run_co2_databricks_job' AIRFLOW_CTX_EXECUTION_DATE='2026-01-05T00:00:00+00:00' AIRFLOW_CTX_TRY_NUMBER='1' AIRFLOW_CTX_DAG_RUN_ID='scheduled__2026-01-05T00:00:00+00:00'
[2026-01-06T10:17:46.190+0000] {base.py:83} INFO - Using connection ID 'databricks_default' for task execution.
[2026-01-06T10:17:46.192+0000] {databricks_base.py:461} INFO - Using token auth. For security reasons, please set token in Password field instead of extra
[2026-01-06T10:17:48.408+0000] {databricks.py:66} INFO - Run submitted with run_id: 260047174249611
[2026-01-06T10:17:48.410+0000] {databricks_base.py:461} INFO - Using token auth. For security reasons, please set token in Password field instead of extra
[2026-01-06T10:17:50.546+0000] {databricks_base.py:461} INFO - Using token auth. For security reasons, please set token in Password field instead of extra
[2026-01-06T10:17:52.690+0000] {databricks.py:128} INFO - run_co2_databricks_job in run state: {'life_cycle_state': 'RUNNING', 'result_state': '', 'state_message': ''}
[2026-01-06T10:17:52.692+0000] {databricks.py:129} INFO - View run status, Spark UI, and logs at https://dbc-442a6c74-78c7.cloud.databricks.com/?o=4351480801582393#job/786321176354304/run/260047174249611
[2026-01-06T10:17:52.692+0000] {databricks.py:130} INFO - Sleeping for 30 seconds.
[2026-01-06T10:18:22.714+0000] {databricks_base.py:461} INFO - Using token auth. For security reasons, please set token in Password field instead of extra
[2026-01-06T10:18:24.078+0000] {databricks.py:128} INFO - run_co2_databricks_job in run state: {'life_cycle_state': 'RUNNING', 'result_state': '', 'state_message': ''}
[2026-01-06T10:18:24.081+0000] {databricks.py:129} INFO - View run status, Spark UI, and logs at https://dbc-442a6c74-78c7.cloud.databricks.com/?o=4351480801582393#job/786321176354304/run/260047174249611
[2026-01-06T10:18:24.085+0000] {databricks.py:130} INFO - Sleeping for 30 seconds.
[2026-01-06T10:18:54.118+0000] {databricks_base.py:461} INFO - Using token auth. For security reasons, please set token in Password field instead of extra
[2026-01-06T10:18:55.692+0000] {databricks.py:128} INFO - run_co2_databricks_job in run state: {'life_cycle_state': 'RUNNING', 'result_state': '', 'state_message': ''}
[2026-01-06T10:18:55.699+0000] {databricks.py:129} INFO - View run status, Spark UI, and logs at https://dbc-442a6c74-78c7.cloud.databricks.com/?o=4351480801582393#job/786321176354304/run/260047174249611
[2026-01-06T10:18:55.702+0000] {databricks.py:130} INFO - Sleeping for 30 seconds.
[2026-01-06T10:19:25.713+0000] {databricks_base.py:461} INFO - Using token auth. For security reasons, please set token in Password field instead of extra
[2026-01-06T10:19:26.935+0000] {databricks.py:128} INFO - run_co2_databricks_job in run state: {'life_cycle_state': 'RUNNING', 'result_state': '', 'state_message': ''}
[2026-01-06T10:19:26.936+0000] {databricks.py:129} INFO - View run status, Spark UI, and logs at https://dbc-442a6c74-78c7.cloud.databricks.com/?o=4351480801582393#job/786321176354304/run/260047174249611
[2026-01-06T10:19:26.937+0000] {databricks.py:130} INFO - Sleeping for 30 seconds.
[2026-01-06T10:19:56.967+0000] {databricks_base.py:461} INFO - Using token auth. For security reasons, please set token in Password field instead of extra
[2026-01-06T10:19:58.162+0000] {databricks.py:128} INFO - run_co2_databricks_job in run state: {'life_cycle_state': 'RUNNING', 'result_state': '', 'state_message': ''}
[2026-01-06T10:19:58.163+0000] {databricks.py:129} INFO - View run status, Spark UI, and logs at https://dbc-442a6c74-78c7.cloud.databricks.com/?o=4351480801582393#job/786321176354304/run/260047174249611
[2026-01-06T10:19:58.164+0000] {databricks.py:130} INFO - Sleeping for 30 seconds.
[2026-01-06T10:20:28.187+0000] {databricks_base.py:461} INFO - Using token auth. For security reasons, please set token in Password field instead of extra
[2026-01-06T10:20:29.990+0000] {databricks.py:77} INFO - run_co2_databricks_job completed successfully.
[2026-01-06T10:20:29.991+0000] {databricks.py:78} INFO - View run status, Spark UI, and logs at https://dbc-442a6c74-78c7.cloud.databricks.com/?o=4351480801582393#job/786321176354304/run/260047174249611
[2026-01-06T10:20:30.004+0000] {taskinstance.py:1138} INFO - Marking task as SUCCESS. dag_id=co2_emissions_databricks_etl, task_id=run_co2_databricks_job, execution_date=20260105T000000, start_date=20260106T101746, end_date=20260106T102030
[2026-01-06T10:20:30.064+0000] {local_task_job_runner.py:234} INFO - Task exited with return code 0
[2026-01-06T10:20:30.098+0000] {taskinstance.py:3280} INFO - 0 downstream tasks scheduled from follow-on schedule check
