[2025-12-30T09:40:32.275+0000] {taskinstance.py:1956} INFO - Dependencies all met for dep_context=non-requeueable deps ti=<TaskInstance: co2_emissions_databricks_etl.run_co2_databricks_job manual__2025-12-30T09:40:30.471115+00:00 [queued]>
[2025-12-30T09:40:32.293+0000] {taskinstance.py:1956} INFO - Dependencies all met for dep_context=requeueable deps ti=<TaskInstance: co2_emissions_databricks_etl.run_co2_databricks_job manual__2025-12-30T09:40:30.471115+00:00 [queued]>
[2025-12-30T09:40:32.294+0000] {taskinstance.py:2170} INFO - Starting attempt 1 of 3
[2025-12-30T09:40:32.320+0000] {taskinstance.py:2191} INFO - Executing <Task(DatabricksRunNowOperator): run_co2_databricks_job> on 2025-12-30 09:40:30.471115+00:00
[2025-12-30T09:40:32.328+0000] {standard_task_runner.py:60} INFO - Started process 219 to run task
[2025-12-30T09:40:32.339+0000] {standard_task_runner.py:87} INFO - Running: ['***', 'tasks', 'run', 'co2_emissions_databricks_etl', 'run_co2_databricks_job', 'manual__2025-12-30T09:40:30.471115+00:00', '--job-id', '3', '--raw', '--subdir', 'DAGS_FOLDER/co2_databricks_etl_dag.py', '--cfg-path', '/tmp/tmp1iszxq17']
[2025-12-30T09:40:32.344+0000] {standard_task_runner.py:88} INFO - Job 3: Subtask run_co2_databricks_job
[2025-12-30T09:40:32.543+0000] {task_command.py:423} INFO - Running <TaskInstance: co2_emissions_databricks_etl.run_co2_databricks_job manual__2025-12-30T09:40:30.471115+00:00 [running]> on host ae0ec2f5ec36
[2025-12-30T09:40:32.756+0000] {taskinstance.py:2480} INFO - Exporting env vars: AIRFLOW_CTX_DAG_OWNER='Bhavani' AIRFLOW_CTX_DAG_ID='co2_emissions_databricks_etl' AIRFLOW_CTX_TASK_ID='run_co2_databricks_job' AIRFLOW_CTX_EXECUTION_DATE='2025-12-30T09:40:30.471115+00:00' AIRFLOW_CTX_TRY_NUMBER='1' AIRFLOW_CTX_DAG_RUN_ID='manual__2025-12-30T09:40:30.471115+00:00'
[2025-12-30T09:40:32.781+0000] {base.py:83} INFO - Using connection ID 'databricks_default' for task execution.
[2025-12-30T09:40:32.787+0000] {databricks_base.py:461} INFO - Using token auth. For security reasons, please set token in Password field instead of extra
[2025-12-30T09:40:34.337+0000] {databricks.py:66} INFO - Run submitted with run_id: 748240212496600
[2025-12-30T09:40:34.338+0000] {databricks_base.py:461} INFO - Using token auth. For security reasons, please set token in Password field instead of extra
[2025-12-30T09:40:35.744+0000] {databricks_base.py:461} INFO - Using token auth. For security reasons, please set token in Password field instead of extra
[2025-12-30T09:40:37.001+0000] {databricks.py:128} INFO - run_co2_databricks_job in run state: {'life_cycle_state': 'QUEUED', 'result_state': '', 'state_message': ''}
[2025-12-30T09:40:37.004+0000] {databricks.py:129} INFO - View run status, Spark UI, and logs at https://dbc-442a6c74-78c7.cloud.databricks.com/?o=4351480801582393#job/786321176354304/run/748240212496600
[2025-12-30T09:40:37.005+0000] {databricks.py:130} INFO - Sleeping for 30 seconds.
[2025-12-30T09:41:07.022+0000] {databricks_base.py:461} INFO - Using token auth. For security reasons, please set token in Password field instead of extra
[2025-12-30T09:41:08.184+0000] {databricks.py:128} INFO - run_co2_databricks_job in run state: {'life_cycle_state': 'QUEUED', 'result_state': '', 'state_message': ''}
[2025-12-30T09:41:08.185+0000] {databricks.py:129} INFO - View run status, Spark UI, and logs at https://dbc-442a6c74-78c7.cloud.databricks.com/?o=4351480801582393#job/786321176354304/run/748240212496600
[2025-12-30T09:41:08.187+0000] {databricks.py:130} INFO - Sleeping for 30 seconds.
[2025-12-30T09:41:38.207+0000] {databricks_base.py:461} INFO - Using token auth. For security reasons, please set token in Password field instead of extra
[2025-12-30T09:41:39.438+0000] {databricks.py:128} INFO - run_co2_databricks_job in run state: {'life_cycle_state': 'QUEUED', 'result_state': '', 'state_message': ''}
[2025-12-30T09:41:39.442+0000] {databricks.py:129} INFO - View run status, Spark UI, and logs at https://dbc-442a6c74-78c7.cloud.databricks.com/?o=4351480801582393#job/786321176354304/run/748240212496600
[2025-12-30T09:41:39.443+0000] {databricks.py:130} INFO - Sleeping for 30 seconds.
[2025-12-30T09:42:09.470+0000] {databricks_base.py:461} INFO - Using token auth. For security reasons, please set token in Password field instead of extra
[2025-12-30T09:42:10.695+0000] {databricks.py:128} INFO - run_co2_databricks_job in run state: {'life_cycle_state': 'QUEUED', 'result_state': '', 'state_message': ''}
[2025-12-30T09:42:10.696+0000] {databricks.py:129} INFO - View run status, Spark UI, and logs at https://dbc-442a6c74-78c7.cloud.databricks.com/?o=4351480801582393#job/786321176354304/run/748240212496600
[2025-12-30T09:42:10.697+0000] {databricks.py:130} INFO - Sleeping for 30 seconds.
[2025-12-30T09:42:40.725+0000] {databricks_base.py:461} INFO - Using token auth. For security reasons, please set token in Password field instead of extra
[2025-12-30T09:42:41.935+0000] {databricks.py:128} INFO - run_co2_databricks_job in run state: {'life_cycle_state': 'RUNNING', 'result_state': '', 'state_message': ''}
[2025-12-30T09:42:41.937+0000] {databricks.py:129} INFO - View run status, Spark UI, and logs at https://dbc-442a6c74-78c7.cloud.databricks.com/?o=4351480801582393#job/786321176354304/run/748240212496600
[2025-12-30T09:42:41.938+0000] {databricks.py:130} INFO - Sleeping for 30 seconds.
[2025-12-30T09:43:11.941+0000] {databricks_base.py:461} INFO - Using token auth. For security reasons, please set token in Password field instead of extra
[2025-12-30T09:43:13.316+0000] {databricks.py:128} INFO - run_co2_databricks_job in run state: {'life_cycle_state': 'RUNNING', 'result_state': '', 'state_message': ''}
[2025-12-30T09:43:13.318+0000] {databricks.py:129} INFO - View run status, Spark UI, and logs at https://dbc-442a6c74-78c7.cloud.databricks.com/?o=4351480801582393#job/786321176354304/run/748240212496600
[2025-12-30T09:43:13.320+0000] {databricks.py:130} INFO - Sleeping for 30 seconds.
[2025-12-30T09:43:43.339+0000] {databricks_base.py:461} INFO - Using token auth. For security reasons, please set token in Password field instead of extra
[2025-12-30T09:43:44.643+0000] {databricks.py:128} INFO - run_co2_databricks_job in run state: {'life_cycle_state': 'RUNNING', 'result_state': '', 'state_message': ''}
[2025-12-30T09:43:44.645+0000] {databricks.py:129} INFO - View run status, Spark UI, and logs at https://dbc-442a6c74-78c7.cloud.databricks.com/?o=4351480801582393#job/786321176354304/run/748240212496600
[2025-12-30T09:43:44.646+0000] {databricks.py:130} INFO - Sleeping for 30 seconds.
[2025-12-30T09:44:14.664+0000] {databricks_base.py:461} INFO - Using token auth. For security reasons, please set token in Password field instead of extra
[2025-12-30T09:44:16.073+0000] {databricks.py:77} INFO - run_co2_databricks_job completed successfully.
[2025-12-30T09:44:16.074+0000] {databricks.py:78} INFO - View run status, Spark UI, and logs at https://dbc-442a6c74-78c7.cloud.databricks.com/?o=4351480801582393#job/786321176354304/run/748240212496600
[2025-12-30T09:44:16.083+0000] {taskinstance.py:1138} INFO - Marking task as SUCCESS. dag_id=co2_emissions_databricks_etl, task_id=run_co2_databricks_job, execution_date=20251230T094030, start_date=20251230T094032, end_date=20251230T094416
[2025-12-30T09:44:16.111+0000] {local_task_job_runner.py:234} INFO - Task exited with return code 0
[2025-12-30T09:44:16.125+0000] {taskinstance.py:3280} INFO - 0 downstream tasks scheduled from follow-on schedule check
